2024-07-18 21:23:32,765 [*] Subscribe thread started.
2024-07-18 21:23:36,766 [*] Bitcoin miner thread started
2024-07-18 21:23:37,121 [*] Working to solve block with height 852812
2024-07-18 21:35:45,072 [*] Subscribe thread started.
2024-07-18 21:35:53,969 [*] Subscribe thread started.
2024-07-18 21:35:57,969 [*] Bitcoin miner thread started
2024-07-18 21:35:58,495 [*] Working to solve block with height 852812
2024-07-18 21:36:02,311 [*] New block dae0ffcbff68f89d04fda0ed4a997d73190ae9fe0002d31d0000000000000000 detected on network 
2024-07-18 21:36:02,311 [*] Best difficulty will trying to solve block 852812 was 0.00029122626984689527
2024-07-18 21:36:02,311 [*] Bitcoin Miner restarted
2024-07-18 21:36:12,846 [*] Working to solve block with height 852812
2024-07-19 12:46:27,741 [*] O tópico de inscrição foi iniciado.
2024-07-19 12:55:04,663 [*] O tópico de inscrição foi iniciado.
2024-07-19 12:55:08,664 [*] Tópico de minerador de Bitcoin iniciado
2024-07-19 12:55:08,949 [*] Trabalhando para resolver bloco com altura 852900
2024-07-19 12:55:08,950 [*] Novo bloco 42410a46261156d19cfe74ad3173478908b4711c2c5627981a18061edb55eddd detectado na rede 
2024-07-19 12:55:08,950 [*] A melhor dificuldade para tentar resolver o bloco 852900 foi 0
2024-07-19 12:55:08,950 [*] Minerador Resetou
2024-07-19 12:55:19,248 [*] Trabalhando para resolver bloco com altura 852900
2024-07-19 12:55:38,574 [*] Novo bloco 53969e96a313d5c89a8dbe54b83abe1bb40f1499c6e5c401f61f350b27785c21 detectado na rede 
2024-07-19 12:55:38,574 [*] A melhor dificuldade para tentar resolver o bloco 852900 foi 0.01570999644611525
2024-07-19 12:55:38,575 [*] Minerador Resetou
2024-07-19 12:55:48,817 [*] Trabalhando para resolver bloco com altura 852900
2024-07-19 12:55:52,073 [*] Novo bloco 0ca3b32110029a1f0f32a943380bfb024cf4286ea48cf9ace798a1cdb177820f detectado na rede 
2024-07-19 12:55:52,073 [*] A melhor dificuldade para tentar resolver o bloco 852900 foi 0.00043504653195782937
2024-07-19 12:55:52,073 [*] Minerador Resetou
2024-07-19 12:56:02,425 [*] Trabalhando para resolver bloco com altura 852900
2024-07-19 12:56:02,601 [*] Novo bloco 2e3f5bf268f76df3edc92c872bbf9adc668e9c3822db05750000000000000000 detectado na rede 
2024-07-19 12:56:02,601 [*] A melhor dificuldade para tentar resolver o bloco 852900 foi 3.204634945360329e-05
2024-07-19 12:56:02,601 [*] Minerador Resetou
2024-07-19 12:56:12,914 [*] Trabalhando para resolver bloco com altura 852900
2024-07-19 12:56:33,402 [*] Novo bloco 73996aba7c346dfcd457cf0f9cd665929e9d3016a60d594f6f1c7f4bc9ab424e detectado na rede 
2024-07-19 12:56:33,402 [*] A melhor dificuldade para tentar resolver o bloco 852900 foi 0.0013319583989869585
2024-07-19 12:56:33,402 [*] Minerador Resetou
2024-07-19 12:56:43,947 [*] Trabalhando para resolver bloco com altura 852900
2024-07-19 12:56:43,947 [*] Novo bloco 6bceb1a9f5f8f4bb8fde8ec53f3066a6b3ff544cacc3ba4b74685b06fd0946c0 detectado na rede 
2024-07-19 12:56:43,947 [*] A melhor dificuldade para tentar resolver o bloco 852900 foi 0
2024-07-19 12:56:43,947 [*] Minerador Resetou
2024-07-19 13:19:51,062 [*] O tópico de inscrição foi iniciado.
2024-07-19 13:19:55,063 [*] Tópico de minerador de Bitcoin iniciado
2024-07-19 13:19:55,352 [*] Trabalhando para resolver bloco com altura 852902
2024-07-19 13:54:33,908 [*] O tópico de inscrição foi iniciado.
2024-07-19 13:54:37,909 [*] Tópico de minerador de Bitcoin iniciado
2024-07-19 13:54:38,626 [*] Trabalhando para resolver bloco com altura 852906
2024-07-19 13:54:38,626 [*] Novo bloco 4ad2eb97b4bc78e7d780ca031fd9a22875ea01f8205a9a210000000500000000 detectado na rede 
2024-07-19 13:54:38,626 [*] A melhor dificuldade para tentar resolver o bloco 852906 foi 0
2024-07-19 13:54:38,626 [*] Minerador Resetou
2024-07-19 13:54:48,898 [*] Trabalhando para resolver bloco com altura 852906
2024-07-19 13:54:55,518 [*] Novo bloco bd81544f5b3a3bd958027ad657947ef1ab77d15b240a71f60000000000000000 detectado na rede 
2024-07-19 13:54:55,518 [*] A melhor dificuldade para tentar resolver o bloco 852906 foi 0.0009571292922909674
2024-07-19 13:54:55,518 [*] Minerador Resetou
2024-07-19 13:55:05,823 [*] Trabalhando para resolver bloco com altura 852905
2024-07-19 14:02:18,265 [*] O tópico de inscrição foi iniciado.
2024-07-19 14:02:22,266 [*] Tópico de minerador de Bitcoin iniciado
2024-07-19 14:02:22,564 [*] Trabalhando para resolver bloco com altura 852906
2024-07-19 14:02:22,564 [*] Novo bloco eda67db815937af9809d1c6bd2e96d822b14304228fc5c030000000000000000 detectado na rede 
2024-07-19 14:02:22,564 [*] A melhor dificuldade para tentar resolver o bloco 852906 foi 0
2024-07-19 14:02:22,564 [*] Minerador Resetou
2024-07-19 14:02:33,122 [*] Trabalhando para resolver bloco com altura 852906
2024-07-19 14:03:17,785 [*] O tópico de inscrição foi iniciado.
2024-07-19 14:03:18,873 [*] Inscrever-se no tópico()
2024-07-19 14:03:18,873 Unterminated string starting at: line 1 column 228 (char 227)
2024-07-19 14:03:21,786 [*] Minerador()
2024-07-19 14:03:21,786 [*] Tópico de minerador de Bitcoin iniciado
2024-07-19 14:03:21,786 'NoneType' object is not subscriptable
2024-07-19 14:03:27,070 [*] Trabalhando para resolver bloco com altura 852906
2024-07-19 14:03:32,511 [*] Novo bloco 5f5adb649893b7c4b61d3e1f223969f91d976492048a2f1f0000000000000000 detectado na rede 
2024-07-19 14:03:32,511 [*] A melhor dificuldade para tentar resolver o bloco 852906 foi 0.00016642338370732453
2024-07-19 14:03:32,511 [*] Minerador Resetou
2024-07-19 14:08:37,119 [*] O tópico de inscrição foi iniciado.
2024-07-19 14:08:41,121 [*] Tópico de minerador de Bitcoin iniciado
2024-07-19 14:08:41,528 [*] Trabalhando para resolver bloco com altura 852906
2024-07-19 14:08:49,909 [*] Novo bloco 1a8c172d228f434204a14a9068a740d1da1c579b2d0567700000000000000000 detectado na rede 
2024-07-19 14:08:49,909 [*] A melhor dificuldade para tentar resolver o bloco 852906 foi 0.00016462733414590884
2024-07-19 14:08:49,909 [*] Minerador Resetou
2024-07-19 14:09:00,175 [*] Trabalhando para resolver bloco com altura 852906
2024-07-19 14:10:09,166 [*] O tópico de inscrição foi iniciado.
2024-07-19 14:10:13,167 [*] Tópico de minerador de Bitcoin iniciado
2024-07-19 14:25:52,146 [*] O tópico de inscrição foi iniciado.
2024-07-19 14:25:56,148 [*] Tópico de minerador de Bitcoin iniciado
2024-07-19 14:25:56,386 [*] Trabalhando para resolver bloco com altura 852908
2024-07-19 15:34:29,684 [*] O tópico de inscrição foi iniciado.
2024-07-19 15:34:33,685 [*] Tópico de minerador de Bitcoin iniciado
2024-07-19 15:40:34,148 [*] O tópico de inscrição foi iniciado.
2024-07-19 15:40:38,149 [*] Tópico de minerador de Bitcoin iniciado
2024-07-19 15:46:57,072 [*] O tópico de inscrição foi iniciado.
2024-07-19 15:47:01,073 [*] Tópico de minerador de Bitcoin iniciado
2024-07-19 15:47:01,550 [*] Trabalhando para resolver bloco com altura 852921
2024-07-19 15:48:28,121 [*] Novo bloco 50514e7a42ecad5b6badc5f051f88d998733b1b027ff22359a0e24e24174a4b8 detectado na rede 
2024-07-19 15:48:28,121 [*] A melhor dificuldade para tentar resolver o bloco 852921 foi 0.015009718138017913
2024-07-19 15:48:28,121 [*] Minerador Resetou
2024-07-19 15:48:39,234 [*] Trabalhando para resolver bloco com altura 852921
2024-07-19 15:48:39,234 [*] Novo bloco 84059dc93a04bd62c86e781edc38c4bb52054b10165407e7051f2887fc4b5d73 detectado na rede 
2024-07-19 15:48:39,234 [*] A melhor dificuldade para tentar resolver o bloco 852921 foi 0
2024-07-19 15:48:39,234 [*] Minerador Resetou
2024-07-19 15:48:49,708 [*] Trabalhando para resolver bloco com altura 852921
2024-07-19 15:48:51,609 [*] Novo bloco f2d15e3284c08102ccdf692bcdef324d90f0de5060830c624a15006d10ab0877 detectado na rede 
2024-07-19 15:48:51,609 [*] A melhor dificuldade para tentar resolver o bloco 852921 foi 0.0006411931923748625
2024-07-19 15:48:51,609 [*] Minerador Resetou
2024-07-19 15:49:02,042 [*] Trabalhando para resolver bloco com altura 852921
2024-07-19 15:49:18,171 [*] Novo bloco 62ac14c26404be1dd515da5cb75c91533f12fefc3e2d80f46f5083171e97edb3 detectado na rede 
2024-07-19 15:49:18,171 [*] A melhor dificuldade para tentar resolver o bloco 852921 foi 0.001031504520987968
2024-07-19 15:49:18,171 [*] Minerador Resetou
2024-07-19 15:49:28,580 [*] Trabalhando para resolver bloco com altura 852921
2024-07-19 15:49:30,710 [*] Novo bloco 4f39dceca77d93d9231d7254cecc10005d0d74d5008db605cd5019c3913a3958 detectado na rede 
2024-07-19 15:49:30,710 [*] A melhor dificuldade para tentar resolver o bloco 852921 foi 5.082117028771133e-05
2024-07-19 15:49:30,710 [*] Minerador Resetou
2024-07-19 15:49:41,068 [*] Trabalhando para resolver bloco com altura 852921
2024-07-19 15:49:41,068 [*] Novo bloco 3a3bb7e7a2ba2707af7424cb6e4a65ecbb9a31999f51ed15fcbe894a959a5521 detectado na rede 
2024-07-19 15:49:41,068 [*] A melhor dificuldade para tentar resolver o bloco 852921 foi 0
2024-07-19 15:49:41,068 [*] Minerador Resetou
2024-07-19 15:49:52,177 [*] Trabalhando para resolver bloco com altura 852921
2024-07-19 15:49:52,177 [*] Novo bloco 6199d5ac6255d881cc54f59ff5d3e3bfa0118ea3e1f970df0000000200000000 detectado na rede 
2024-07-19 15:49:52,177 [*] A melhor dificuldade para tentar resolver o bloco 852921 foi 0
2024-07-19 15:49:52,177 [*] Minerador Resetou
2024-07-19 15:50:02,797 [*] Trabalhando para resolver bloco com altura 852921
2024-07-19 15:50:17,031 [*] Novo bloco 1eee125bf44de31889e409afd83762d52479b9e52ce805b29bf22b757b856e2d detectado na rede 
2024-07-19 15:50:17,031 [*] A melhor dificuldade para tentar resolver o bloco 852921 foi 0.0005043988600031036
2024-07-19 15:50:17,031 [*] Minerador Resetou
2024-07-19 15:50:27,358 [*] Trabalhando para resolver bloco com altura 852921
2024-07-19 15:50:27,359 [*] Novo bloco ffe06a29f8a7930c3d2629f1ac547db6e8290e2fbe04164b3ee27a416bf95fee detectado na rede 
2024-07-19 15:50:27,359 [*] A melhor dificuldade para tentar resolver o bloco 852921 foi 0
2024-07-19 15:50:27,359 [*] Minerador Resetou
2024-07-19 15:50:37,782 [*] Trabalhando para resolver bloco com altura 852921
2024-07-19 15:57:14,947 [*] Inscrever-se no tópico()
2024-07-19 15:57:14,962 [WinError 10054] An existing connection was forcibly closed by the remote host
2024-07-19 15:57:53,162 [*] Novo bloco 8b848ca0dde4d0871ec97e7ee26a3d95f5a4234dd148fe1da664a4810c9e5642 detectado na rede 
2024-07-19 15:57:53,162 [*] A melhor dificuldade para tentar resolver o bloco 852921 foi 0.005346371933917245
2024-07-19 15:57:53,162 [*] Minerador Resetou
2024-07-19 15:58:03,479 [*] Trabalhando para resolver bloco com altura 852922
2024-07-19 15:58:08,224 [*] Novo hash: 00000009a6fadf964ec59ee7545eaa93f59cc155562eae7e58262c5448fb9aa2 para bloco 852922
2024-07-19 15:58:20,183 [*] Novo bloco a7f1bb75c81cd60904c6124df8e90a2d5c6871bd55c9c15495412ef31edcd446 detectado na rede 
2024-07-19 15:58:20,183 [*] A melhor dificuldade para tentar resolver o bloco 852922 foi 0.1036026202867524
2024-07-19 15:58:20,183 [*] Minerador Resetou
2024-07-19 15:58:30,673 [*] Trabalhando para resolver bloco com altura 852921
2024-07-19 15:58:45,724 [*] Novo bloco 05c75289b4632c12f1751a9a9114a9228cab772243a1e7980000000400000000 detectado na rede 
2024-07-19 15:58:45,724 [*] A melhor dificuldade para tentar resolver o bloco 852921 foi 0.0050302095680923664
2024-07-19 15:58:45,724 [*] Minerador Resetou
2024-07-19 15:58:55,974 [*] Trabalhando para resolver bloco com altura 852922
2024-07-19 15:59:28,656 [*] Novo bloco fad62b913601d4745203abebed984c33fce62f0a086c9bc0b4f20a8a3d0c530b detectado na rede 
2024-07-19 15:59:28,656 [*] A melhor dificuldade para tentar resolver o bloco 852922 foi 0.0008383253228078895
2024-07-19 15:59:28,656 [*] Minerador Resetou
2024-07-19 15:59:39,084 [*] Trabalhando para resolver bloco com altura 852922
2024-07-19 15:59:56,450 [*] Novo bloco a0edb5ed2ec96ca67151843b56eed890e6a2539b03dd264cf07d1d07f6c401da detectado na rede 
2024-07-19 15:59:56,451 [*] A melhor dificuldade para tentar resolver o bloco 852922 foi 0.011077300970908446
2024-07-19 15:59:56,451 [*] Minerador Resetou
2024-07-19 16:00:06,722 [*] Trabalhando para resolver bloco com altura 852922
2024-07-19 16:00:06,722 [*] Novo bloco c1763c4a12c105eb275e0ee9997737c561523d2d2b8106e7a2b86e992a548773 detectado na rede 
2024-07-19 16:00:06,722 [*] A melhor dificuldade para tentar resolver o bloco 852922 foi 0
2024-07-19 16:00:06,722 [*] Minerador Resetou
2024-07-19 16:00:17,006 [*] Trabalhando para resolver bloco com altura 852922
2024-07-19 16:00:23,191 [*] Novo bloco e9b242797b2fa382af948ba4137294755a14801e91f9fc71c35747c7909d408f detectado na rede 
2024-07-19 16:00:23,191 [*] A melhor dificuldade para tentar resolver o bloco 852922 foi 0.008750519997256716
2024-07-19 16:00:23,191 [*] Minerador Resetou
2024-07-19 16:00:33,527 [*] Trabalhando para resolver bloco com altura 852922
2024-07-19 16:00:33,527 [*] Novo bloco 9ece7dc0f7ff2fb62e22dc28345ba5bdc77f9e5f4c9f686d057eef674fd64323 detectado na rede 
2024-07-19 16:00:33,527 [*] A melhor dificuldade para tentar resolver o bloco 852922 foi 0
2024-07-19 16:00:33,527 [*] Minerador Resetou
2024-07-19 16:00:44,224 [*] Trabalhando para resolver bloco com altura 852922
2024-07-19 16:00:44,224 [*] Novo bloco b4eff22863557917d9e06ff16858d0de0c5467141ca19953105038463c89d427 detectado na rede 
2024-07-19 16:00:44,224 [*] A melhor dificuldade para tentar resolver o bloco 852922 foi 0
2024-07-19 16:00:44,224 [*] Minerador Resetou
